<?xml version="1.0" encoding="UTF-8"?>
<!-- Generated by org.testng.reporters.JUnitReportReporter -->
<testsuite hostname="DESKTOP-LCMG6LP" failures="0" tests="3" name="TestNG.example8_DisableTCExecutionFromTestSuite" time="0.023" errors="0" timestamp="2023-06-15T14:47:18 IST" skipped="1">
  <testcase classname="TestNG.example8_DisableTCExecutionFromTestSuite" name="TC3" time="0.020"/>
  <system-out>
    <![CDATA[--running TC3--]]>
  </system-out>
  <testcase classname="TestNG.example8_DisableTCExecutionFromTestSuite" name="TC5" time="0.003"/>
  <system-out>
    <![CDATA[--running TC5--]]>
  </system-out>
  <testcase classname="TestNG.example8_DisableTCExecutionFromTestSuite" name="TC4">
    <skipped/>
  </testcase> <!-- TC4 -->
  <system-out/>
</testsuite> <!-- TestNG.example8_DisableTCExecutionFromTestSuite -->
