<?xml version="1.0" encoding="UTF-8"?>
<!-- Generated by org.testng.reporters.JUnitReportReporter -->
<testsuite hostname="DESKTOP-LCMG6LP" failures="0" tests="1" name="TestNG.paralleltest1" time="16.869" errors="0" timestamp="2023-06-18T08:28:50 IST" skipped="0">
  <testcase classname="TestNG.paralleltest1" name="facebook" time="16.869"/>
  <system-out/>
</testsuite> <!-- TestNG.paralleltest1 -->
