<?xml version="1.0" encoding="UTF-8"?>
<!-- Generated by org.testng.reporters.JUnitReportReporter -->
<testsuite hostname="DESKTOP-LCMG6LP" failures="0" tests="5" name="TestNG.testPriority2" time="0.035" errors="0" timestamp="2023-06-27T18:18:58 IST" skipped="0">
  <testcase classname="TestNG.testPriority2" name="TC2" time="0.018"/>
  <system-out>
    <![CDATA[Running tc2]]>
  </system-out>
  <testcase classname="TestNG.testPriority2" name="TC1" time="0.004"/>
  <system-out>
    <![CDATA[Running tc1]]>
  </system-out>
  <testcase classname="TestNG.testPriority2" name="TC3" time="0.004"/>
  <system-out>
    <![CDATA[Running tc3]]>
  </system-out>
  <testcase classname="TestNG.testPriority2" name="TC3" time="0.005"/>
  <system-out>
    <![CDATA[Running tc3]]>
  </system-out>
  <testcase classname="TestNG.testPriority2" name="TC4" time="0.004"/>
  <system-out>
    <![CDATA[Running tc4]]>
  </system-out>
</testsuite> <!-- TestNG.testPriority2 -->
