<?xml version="1.0" encoding="UTF-8"?>
<!-- Generated by org.testng.reporters.JUnitReportReporter -->
<testsuite hostname="DESKTOP-LCMG6LP" failures="0" tests="1" name="POMwithDDF_BaseClass_UtilityCls_ScreenShot.PBLoginTestPage3ng" time="13.684" errors="0" timestamp="2023-07-04T13:43:36 IST" skipped="0">
  <testcase classname="POMwithDDF_BaseClass_UtilityCls_ScreenShot.PBLoginTestPage3ng" name="verifyFullName" time="13.684"/>
  <system-out/>
</testsuite> <!-- POMwithDDF_BaseClass_UtilityCls_ScreenShot.PBLoginTestPage3ng -->
