<?xml version="1.0" encoding="UTF-8"?>
<!-- Generated by org.testng.reporters.JUnitReportReporter -->
<testsuite hostname="DESKTOP-LCMG6LP" failures="0" tests="1" name="TestNG.testCaseGrouping2" time="0.003" errors="0" timestamp="2023-06-27T18:36:02 IST" skipped="0">
  <testcase classname="TestNG.testCaseGrouping2" name="TC1" time="0.003"/>
  <system-out>
    <![CDATA[running TC1]]>
  </system-out>
</testsuite> <!-- TestNG.testCaseGrouping2 -->
