<?xml version="1.0" encoding="UTF-8"?>
<!-- Generated by org.testng.reporters.JUnitReportReporter -->
<testsuite hostname="DESKTOP-LCMG6LP" failures="0" tests="3" name="TestNG.enabledFalse" time="0.022" errors="0" timestamp="2023-06-07T10:56:25 IST" skipped="2">
  <testcase classname="TestNG.enabledFalse" name="FullNameVerification1" time="0.022"/>
  <system-out>
    <![CDATA[running verify full name TC1]]>
  </system-out>
  <testcase classname="TestNG.enabledFalse" name="FullNameVerification2">
    <skipped/>
  </testcase> <!-- FullNameVerification2 -->
  <system-out/>
  <testcase classname="TestNG.enabledFalse" name="FullNameVerification3">
    <skipped/>
  </testcase> <!-- FullNameVerification3 -->
  <system-out/>
</testsuite> <!-- TestNG.enabledFalse -->
