<?xml version="1.0" encoding="UTF-8"?>
<!-- Generated by org.testng.reporters.JUnitReportReporter -->
<testsuite hostname="DESKTOP-LCMG6LP" failures="0" tests="1" name="POMwithDDF_BaseClass_UtilityCls_ScreenShot.PBLoginTestPage3ng" time="16.696" errors="0" timestamp="2023-06-27T10:39:47 IST" skipped="0">
  <testcase classname="POMwithDDF_BaseClass_UtilityCls_ScreenShot.PBLoginTestPage3ng" name="verifyFullName" time="16.696"/>
  <system-out/>
</testsuite> <!-- POMwithDDF_BaseClass_UtilityCls_ScreenShot.PBLoginTestPage3ng -->
