<?xml version="1.0" encoding="UTF-8"?>
<!-- Generated by org.testng.reporters.JUnitReportReporter -->
<testsuite hostname="DESKTOP-LCMG6LP" failures="0" tests="2" name="TestNG.testCaseGrouping1" time="0.022" errors="0" timestamp="2023-06-27T18:36:02 IST" skipped="0">
  <testcase classname="TestNG.testCaseGrouping1" name="TC2" time="0.001"/>
  <system-out>
    <![CDATA[running TC2]]>
  </system-out>
  <testcase classname="TestNG.testCaseGrouping1" name="TC1" time="0.021"/>
  <system-out>
    <![CDATA[running TC1]]>
  </system-out>
</testsuite> <!-- TestNG.testCaseGrouping1 -->
