<?xml version="1.0" encoding="UTF-8"?>
<!-- Generated by org.testng.reporters.JUnitReportReporter -->
<testsuite hostname="DESKTOP-LCMG6LP" failures="0" tests="1" name="POMwithDDFTestNG.PBLoginTestPage3ng" time="12.582" errors="0" timestamp="2023-06-27T11:21:34 IST" skipped="0">
  <testcase classname="POMwithDDFTestNG.PBLoginTestPage3ng" name="verifyFullName" time="12.582"/>
  <system-out/>
</testsuite> <!-- POMwithDDFTestNG.PBLoginTestPage3ng -->
