<?xml version="1.0" encoding="UTF-8"?>
<!-- Generated by org.testng.reporters.JUnitReportReporter -->
<testsuite hostname="DESKTOP-LCMG6LP" failures="0" tests="5" name="TestNG.testPriority1" time="0.033" errors="0" timestamp="2023-06-27T18:16:40 IST" skipped="0">
  <testcase classname="TestNG.testPriority1" name="TC1" time="0.020"/>
  <system-out>
    <![CDATA[Running tc1]]>
  </system-out>
  <testcase classname="TestNG.testPriority1" name="TC3" time="0.003"/>
  <system-out>
    <![CDATA[Running tc3]]>
  </system-out>
  <testcase classname="TestNG.testPriority1" name="TC3" time="0.004"/>
  <system-out>
    <![CDATA[Running tc3]]>
  </system-out>
  <testcase classname="TestNG.testPriority1" name="TC2" time="0.003"/>
  <system-out>
    <![CDATA[Running tc2]]>
  </system-out>
  <testcase classname="TestNG.testPriority1" name="TC4" time="0.003"/>
  <system-out>
    <![CDATA[Running tc4]]>
  </system-out>
</testsuite> <!-- TestNG.testPriority1 -->
