<?xml version="1.0" encoding="UTF-8"?>
<!-- Generated by org.testng.reporters.JUnitReportReporter -->
<testsuite hostname="DESKTOP-LCMG6LP" failures="0" tests="1" name="TestNG.parallelTest2" time="9.386" errors="0" timestamp="2023-06-18T08:28:50 IST" skipped="0">
  <testcase classname="TestNG.parallelTest2" name="flipkart" time="9.386"/>
  <system-out/>
</testsuite> <!-- TestNG.parallelTest2 -->
