<?xml version="1.0" encoding="UTF-8"?>
<!-- Generated by org.testng.reporters.JUnitReportReporter -->
<testsuite hostname="DESKTOP-LCMG6LP" failures="0" tests="2" name="TestNG.testAnnotation" time="0.027" errors="0" timestamp="2023-06-27T17:39:42 IST" skipped="0">
  <testcase classname="TestNG.testAnnotation" name="FullNameVerification2" time="0.008"/>
  <system-out>
    <![CDATA[running verify full name TC2]]>
  </system-out>
  <testcase classname="TestNG.testAnnotation" name="FullNameVerification1" time="0.019"/>
  <system-out>
    <![CDATA[running verify full name TC1]]>
  </system-out>
</testsuite> <!-- TestNG.testAnnotation -->
