<?xml version="1.0" encoding="UTF-8"?>
<!-- Generated by org.testng.reporters.JUnitReportReporter -->
<testsuite hostname="DESKTOP-LCMG6LP" failures="0" tests="1" name="AmazonPOM.amazonPOMTestclass" time="14.152" errors="0" timestamp="2023-07-04T15:29:36 IST" skipped="0">
  <testcase classname="AmazonPOM.amazonPOMTestclass" name="VerifyFullname" time="14.152"/>
  <system-out/>
</testsuite> <!-- AmazonPOM.amazonPOMTestclass -->
