<?xml version="1.0" encoding="UTF-8"?>
<!-- Generated by org.testng.reporters.JUnitReportReporter -->
<testsuite hostname="DESKTOP-LCMG6LP" failures="0" tests="3" name="TestNG.emailReport" time="0.029" errors="0" timestamp="2023-06-06T11:13:50 IST" skipped="0">
  <testcase classname="TestNG.emailReport" name="TC3" time="0.006"/>
  <system-out/>
  <testcase classname="TestNG.emailReport" name="TC2" time="0.003"/>
  <system-out>
    <![CDATA[running TC2]]>
  </system-out>
  <testcase classname="TestNG.emailReport" name="TC1" time="0.020"/>
  <system-out>
    <![CDATA[running TC1]]>
  </system-out>
</testsuite> <!-- TestNG.emailReport -->
