<?xml version="1.0" encoding="UTF-8"?>
<!-- Generated by org.testng.reporters.JUnitReportReporter -->
<testsuite hostname="DESKTOP-LCMG6LP" failures="0" tests="3" name="TestNG.MultiBrowserTesting" time="43.889" errors="0" timestamp="2023-06-18T09:50:21 IST" skipped="0">
  <testcase classname="TestNG.MultiBrowserTesting" name="TC1" time="9.336"/>
  <system-out/>
  <testcase classname="TestNG.MultiBrowserTesting" name="TC1" time="19.159"/>
  <system-out/>
  <testcase classname="TestNG.MultiBrowserTesting" name="TC1" time="15.394"/>
  <system-out/>
</testsuite> <!-- TestNG.MultiBrowserTesting -->
