<?xml version="1.0" encoding="UTF-8"?>
<!-- Generated by org.testng.reporters.JUnitReportReporter -->
<testsuite hostname="DESKTOP-LCMG6LP" failures="0" tests="7" name="TestNG.testInvocation" time="0.043" errors="0" timestamp="2023-06-17T17:23:11 IST" skipped="0">
  <testcase classname="TestNG.testInvocation" name="FullNameVerification1" time="0.005"/>
  <system-out>
    <![CDATA[running verify full name TC1]]>
  </system-out>
  <testcase classname="TestNG.testInvocation" name="FullNameVerification1" time="0.003"/>
  <system-out>
    <![CDATA[running verify full name TC1]]>
  </system-out>
  <testcase classname="TestNG.testInvocation" name="FullNameVerification1" time="0.005"/>
  <system-out>
    <![CDATA[running verify full name TC1]]>
  </system-out>
  <testcase classname="TestNG.testInvocation" name="FullNameVerification1" time="0.003"/>
  <system-out>
    <![CDATA[running verify full name TC1]]>
  </system-out>
  <testcase classname="TestNG.testInvocation" name="FullNameVerification1" time="0.022"/>
  <system-out>
    <![CDATA[running verify full name TC1]]>
  </system-out>
  <testcase classname="TestNG.testInvocation" name="FullNameVerification2" time="0.003"/>
  <system-out>
    <![CDATA[running verify full name TC2]]>
  </system-out>
  <testcase classname="TestNG.testInvocation" name="FullNameVerification2" time="0.002"/>
  <system-out>
    <![CDATA[running verify full name TC2]]>
  </system-out>
</testsuite> <!-- TestNG.testInvocation -->
